<?xml version="1.0" encoding="UTF-8"?>
<robot generator="Robot 6.0.2 (Python 3.10.11 on win32)" generated="20230430 09:22:38.067" rpa="false" schemaversion="3">
<suite id="s1" name="loginPageTest" source="C:\Users\Administrator\PycharmProjects\sauceDemoProject\suits\login\loginPageTest.robot">
<test id="s1-t1" name="Verify That User Will Be Able To Login With Valid Username And Valid Password" line="8">
<kw name="Open SauceDemo Website" library="loginPageKeywords" type="SETUP">
<kw name="Open Browser" library="SeleniumLibrary">
<arg>https://www.saucedemo.com/</arg>
<arg>Chrome</arg>
<doc>Opens a new browser instance to the optional ``url``.</doc>
<msg timestamp="20230430 09:22:38.364" level="INFO">Opening browser 'Chrome' to base url 'https://www.saucedemo.com/'.</msg>
<msg timestamp="20230430 09:22:38.380" level="INFO">Executing: C:\Users\Administrator\AppData\Roaming\Python\Python310\site-packages\selenium\webdriver\common\windows\selenium-manager.exe --browser chrome --output json</msg>
<status status="PASS" starttime="20230430 09:22:38.364" endtime="20230430 09:22:42.838"/>
</kw>
<status status="PASS" starttime="20230430 09:22:38.364" endtime="20230430 09:22:42.838"/>
</kw>
<kw name="Login To SwagLabs" library="loginPageKeywords">
<arg>standard_user</arg>
<arg>secret_sauce</arg>
<doc>Login to SwagLabs</doc>
<kw name="Input Text" library="SeleniumLibrary">
<arg>${username}</arg>
<arg>${user}</arg>
<doc>Types the given ``text`` into the text field identified by ``locator``.</doc>
<msg timestamp="20230430 09:22:42.843" level="INFO">Typing text 'standard_user' into text field 'xpath=//*[@id="user-name"]'.</msg>
<status status="PASS" starttime="20230430 09:22:42.842" endtime="20230430 09:22:42.975"/>
</kw>
<kw name="Input Text" library="SeleniumLibrary">
<arg>${password}</arg>
<arg>${pass}</arg>
<doc>Types the given ``text`` into the text field identified by ``locator``.</doc>
<msg timestamp="20230430 09:22:42.977" level="INFO">Typing text 'secret_sauce' into text field 'xpath=//*[@id="password"]'.</msg>
<status status="PASS" starttime="20230430 09:22:42.976" endtime="20230430 09:22:43.098"/>
</kw>
<kw name="Click Element" library="SeleniumLibrary">
<arg>${submit}</arg>
<doc>Click the element identified by ``locator``.</doc>
<msg timestamp="20230430 09:22:43.099" level="INFO">Clicking element 'xpath=//*[@id="login-button"]'.</msg>
<status status="PASS" starttime="20230430 09:22:43.098" endtime="20230430 09:22:43.246"/>
</kw>
<status status="PASS" starttime="20230430 09:22:42.841" endtime="20230430 09:22:43.246"/>
</kw>
<kw name="Verify User Is Successfully Login" library="loginPageKeywords">
<doc>Verify user is logged-in successfylly</doc>
<kw name="Get Text" library="SeleniumLibrary">
<var>${product}</var>
<arg>${products_label}</arg>
<doc>Returns the text value of the element identified by ``locator``.</doc>
<msg timestamp="20230430 09:22:43.277" level="INFO">${product} = Products</msg>
<status status="PASS" starttime="20230430 09:22:43.247" endtime="20230430 09:22:43.277"/>
</kw>
<kw name="Should Be Equal" library="BuiltIn">
<arg>${product}</arg>
<arg>Products</arg>
<doc>Fails if the given objects are unequal.</doc>
<status status="PASS" starttime="20230430 09:22:43.277" endtime="20230430 09:22:43.278"/>
</kw>
<status status="PASS" starttime="20230430 09:22:43.247" endtime="20230430 09:22:43.278"/>
</kw>
<kw name="Close Browser" library="SeleniumLibrary" type="TEARDOWN">
<doc>Closes the current browser.</doc>
<status status="PASS" starttime="20230430 09:22:43.279" endtime="20230430 09:22:45.449"/>
</kw>
<doc>Test login with valid credentials</doc>
<status status="PASS" starttime="20230430 09:22:38.364" endtime="20230430 09:22:45.449"/>
</test>
<test id="s1-t2" name="Verify That User Is Not Able To Login With Valid Username And An Invalid Password" line="13">
<kw name="Open SauceDemo Website" library="loginPageKeywords" type="SETUP">
<kw name="Open Browser" library="SeleniumLibrary">
<arg>https://www.saucedemo.com/</arg>
<arg>Chrome</arg>
<doc>Opens a new browser instance to the optional ``url``.</doc>
<msg timestamp="20230430 09:22:45.449" level="INFO">Opening browser 'Chrome' to base url 'https://www.saucedemo.com/'.</msg>
<msg timestamp="20230430 09:22:45.464" level="INFO">Executing: C:\Users\Administrator\AppData\Roaming\Python\Python310\site-packages\selenium\webdriver\common\windows\selenium-manager.exe --browser chrome --output json</msg>
<status status="PASS" starttime="20230430 09:22:45.449" endtime="20230430 09:22:49.906"/>
</kw>
<status status="PASS" starttime="20230430 09:22:45.449" endtime="20230430 09:22:49.906"/>
</kw>
<kw name="Login To SwagLabs" library="loginPageKeywords">
<arg>standard_user</arg>
<arg>123</arg>
<doc>Login to SwagLabs</doc>
<kw name="Input Text" library="SeleniumLibrary">
<arg>${username}</arg>
<arg>${user}</arg>
<doc>Types the given ``text`` into the text field identified by ``locator``.</doc>
<msg timestamp="20230430 09:22:49.914" level="INFO">Typing text 'standard_user' into text field 'xpath=//*[@id="user-name"]'.</msg>
<status status="PASS" starttime="20230430 09:22:49.913" endtime="20230430 09:22:50.047"/>
</kw>
<kw name="Input Text" library="SeleniumLibrary">
<arg>${password}</arg>
<arg>${pass}</arg>
<doc>Types the given ``text`` into the text field identified by ``locator``.</doc>
<msg timestamp="20230430 09:22:50.048" level="INFO">Typing text '123' into text field 'xpath=//*[@id="password"]'.</msg>
<status status="PASS" starttime="20230430 09:22:50.047" endtime="20230430 09:22:50.153"/>
</kw>
<kw name="Click Element" library="SeleniumLibrary">
<arg>${submit}</arg>
<doc>Click the element identified by ``locator``.</doc>
<msg timestamp="20230430 09:22:50.154" level="INFO">Clicking element 'xpath=//*[@id="login-button"]'.</msg>
<status status="PASS" starttime="20230430 09:22:50.153" endtime="20230430 09:22:50.229"/>
</kw>
<status status="PASS" starttime="20230430 09:22:49.912" endtime="20230430 09:22:50.229"/>
</kw>
<kw name="Error Message For Invalid Creds" library="loginPageKeywords">
<doc>Verify Error Message For Invalid Creds</doc>
<kw name="Get Text" library="SeleniumLibrary">
<var>${error_msg}</var>
<arg>${invalid_creds_erro}</arg>
<doc>Returns the text value of the element identified by ``locator``.</doc>
<msg timestamp="20230430 09:22:50.258" level="INFO">${error_msg} = Epic sadface: Username and password do not match any user in this service</msg>
<status status="PASS" starttime="20230430 09:22:50.230" endtime="20230430 09:22:50.258"/>
</kw>
<kw name="Should Be Equal" library="BuiltIn">
<arg>${error_msg}</arg>
<arg>Epic sadface: Username and password do not match any user in this service</arg>
<doc>Fails if the given objects are unequal.</doc>
<status status="PASS" starttime="20230430 09:22:50.258" endtime="20230430 09:22:50.259"/>
</kw>
<status status="PASS" starttime="20230430 09:22:50.230" endtime="20230430 09:22:50.259"/>
</kw>
<kw name="Close Browser" library="SeleniumLibrary" type="TEARDOWN">
<doc>Closes the current browser.</doc>
<status status="PASS" starttime="20230430 09:22:50.261" endtime="20230430 09:22:52.414"/>
</kw>
<doc>Test login with invalid password</doc>
<status status="PASS" starttime="20230430 09:22:45.449" endtime="20230430 09:22:52.414"/>
</test>
<test id="s1-t3" name="Verify That User Is Not Able To Login With Inalid Username And An Valid Password" line="18">
<kw name="Open SauceDemo Website" library="loginPageKeywords" type="SETUP">
<kw name="Open Browser" library="SeleniumLibrary">
<arg>https://www.saucedemo.com/</arg>
<arg>Chrome</arg>
<doc>Opens a new browser instance to the optional ``url``.</doc>
<msg timestamp="20230430 09:22:52.414" level="INFO">Opening browser 'Chrome' to base url 'https://www.saucedemo.com/'.</msg>
<msg timestamp="20230430 09:22:52.429" level="INFO">Executing: C:\Users\Administrator\AppData\Roaming\Python\Python310\site-packages\selenium\webdriver\common\windows\selenium-manager.exe --browser chrome --output json</msg>
<status status="PASS" starttime="20230430 09:22:52.414" endtime="20230430 09:22:56.867"/>
</kw>
<status status="PASS" starttime="20230430 09:22:52.414" endtime="20230430 09:22:56.867"/>
</kw>
<kw name="Login To SwagLabs" library="loginPageKeywords">
<arg>user1</arg>
<arg>secret_sauce</arg>
<doc>Login to SwagLabs</doc>
<kw name="Input Text" library="SeleniumLibrary">
<arg>${username}</arg>
<arg>${user}</arg>
<doc>Types the given ``text`` into the text field identified by ``locator``.</doc>
<msg timestamp="20230430 09:22:56.872" level="INFO">Typing text 'user1' into text field 'xpath=//*[@id="user-name"]'.</msg>
<status status="PASS" starttime="20230430 09:22:56.871" endtime="20230430 09:22:56.998"/>
</kw>
<kw name="Input Text" library="SeleniumLibrary">
<arg>${password}</arg>
<arg>${pass}</arg>
<doc>Types the given ``text`` into the text field identified by ``locator``.</doc>
<msg timestamp="20230430 09:22:56.999" level="INFO">Typing text 'secret_sauce' into text field 'xpath=//*[@id="password"]'.</msg>
<status status="PASS" starttime="20230430 09:22:56.998" endtime="20230430 09:22:57.107"/>
</kw>
<kw name="Click Element" library="SeleniumLibrary">
<arg>${submit}</arg>
<doc>Click the element identified by ``locator``.</doc>
<msg timestamp="20230430 09:22:57.108" level="INFO">Clicking element 'xpath=//*[@id="login-button"]'.</msg>
<status status="PASS" starttime="20230430 09:22:57.108" endtime="20230430 09:22:57.188"/>
</kw>
<status status="PASS" starttime="20230430 09:22:56.870" endtime="20230430 09:22:57.188"/>
</kw>
<kw name="Error Message For Invalid Creds" library="loginPageKeywords">
<doc>Verify Error Message For Invalid Creds</doc>
<kw name="Get Text" library="SeleniumLibrary">
<var>${error_msg}</var>
<arg>${invalid_creds_erro}</arg>
<doc>Returns the text value of the element identified by ``locator``.</doc>
<msg timestamp="20230430 09:22:57.222" level="INFO">${error_msg} = Epic sadface: Username and password do not match any user in this service</msg>
<status status="PASS" starttime="20230430 09:22:57.190" endtime="20230430 09:22:57.222"/>
</kw>
<kw name="Should Be Equal" library="BuiltIn">
<arg>${error_msg}</arg>
<arg>Epic sadface: Username and password do not match any user in this service</arg>
<doc>Fails if the given objects are unequal.</doc>
<status status="PASS" starttime="20230430 09:22:57.222" endtime="20230430 09:22:57.222"/>
</kw>
<status status="PASS" starttime="20230430 09:22:57.189" endtime="20230430 09:22:57.222"/>
</kw>
<kw name="Close Browser" library="SeleniumLibrary" type="TEARDOWN">
<doc>Closes the current browser.</doc>
<status status="PASS" starttime="20230430 09:22:57.222" endtime="20230430 09:22:59.391"/>
</kw>
<doc>Test login with invalid username</doc>
<status status="PASS" starttime="20230430 09:22:52.414" endtime="20230430 09:22:59.391"/>
</test>
<test id="s1-t4" name="Verify That User Is Not Able To Login When The Password Is Blank And Submit Button Is Clicked" line="23">
<kw name="Open SauceDemo Website" library="loginPageKeywords" type="SETUP">
<kw name="Open Browser" library="SeleniumLibrary">
<arg>https://www.saucedemo.com/</arg>
<arg>Chrome</arg>
<doc>Opens a new browser instance to the optional ``url``.</doc>
<msg timestamp="20230430 09:22:59.391" level="INFO">Opening browser 'Chrome' to base url 'https://www.saucedemo.com/'.</msg>
<msg timestamp="20230430 09:22:59.407" level="INFO">Executing: C:\Users\Administrator\AppData\Roaming\Python\Python310\site-packages\selenium\webdriver\common\windows\selenium-manager.exe --browser chrome --output json</msg>
<status status="PASS" starttime="20230430 09:22:59.391" endtime="20230430 09:23:03.781"/>
</kw>
<status status="PASS" starttime="20230430 09:22:59.391" endtime="20230430 09:23:03.781"/>
</kw>
<kw name="Login To SwagLabs Without Password" library="loginPageKeywords">
<arg>standard_user</arg>
<doc>Login to SwagLabs without password</doc>
<kw name="Input Text" library="SeleniumLibrary">
<arg>${username}</arg>
<arg>${user}</arg>
<doc>Types the given ``text`` into the text field identified by ``locator``.</doc>
<msg timestamp="20230430 09:23:03.785" level="INFO">Typing text 'standard_user' into text field 'xpath=//*[@id="user-name"]'.</msg>
<status status="PASS" starttime="20230430 09:23:03.784" endtime="20230430 09:23:03.921"/>
</kw>
<kw name="Click Element" library="SeleniumLibrary">
<arg>${submit}</arg>
<doc>Click the element identified by ``locator``.</doc>
<msg timestamp="20230430 09:23:03.922" level="INFO">Clicking element 'xpath=//*[@id="login-button"]'.</msg>
<status status="PASS" starttime="20230430 09:23:03.921" endtime="20230430 09:23:04.008"/>
</kw>
<status status="PASS" starttime="20230430 09:23:03.784" endtime="20230430 09:23:04.009"/>
</kw>
<kw name="Error Message For Blank Password" library="loginPageKeywords">
<doc>Verify Error Message For Blank Password</doc>
<kw name="Get Text" library="SeleniumLibrary">
<var>${error_msg}</var>
<arg>${blank_field_error}</arg>
<doc>Returns the text value of the element identified by ``locator``.</doc>
<msg timestamp="20230430 09:23:04.050" level="INFO">${error_msg} = Epic sadface: Password is required</msg>
<status status="PASS" starttime="20230430 09:23:04.010" endtime="20230430 09:23:04.050"/>
</kw>
<kw name="Should Be Equal" library="BuiltIn">
<arg>${error_msg}</arg>
<arg>Epic sadface: Password is required</arg>
<doc>Fails if the given objects are unequal.</doc>
<status status="PASS" starttime="20230430 09:23:04.050" endtime="20230430 09:23:04.050"/>
</kw>
<status status="PASS" starttime="20230430 09:23:04.010" endtime="20230430 09:23:04.050"/>
</kw>
<kw name="Close Browser" library="SeleniumLibrary" type="TEARDOWN">
<doc>Closes the current browser.</doc>
<status status="PASS" starttime="20230430 09:23:04.050" endtime="20230430 09:23:06.215"/>
</kw>
<doc>Test login with blank password</doc>
<status status="PASS" starttime="20230430 09:22:59.391" endtime="20230430 09:23:06.215"/>
</test>
<test id="s1-t5" name="Verify That User Is Not Able To Login When The Username Is Blank And Submit Button Is Clicked" line="28">
<kw name="Open SauceDemo Website" library="loginPageKeywords" type="SETUP">
<kw name="Open Browser" library="SeleniumLibrary">
<arg>https://www.saucedemo.com/</arg>
<arg>Chrome</arg>
<doc>Opens a new browser instance to the optional ``url``.</doc>
<msg timestamp="20230430 09:23:06.215" level="INFO">Opening browser 'Chrome' to base url 'https://www.saucedemo.com/'.</msg>
<msg timestamp="20230430 09:23:06.231" level="INFO">Executing: C:\Users\Administrator\AppData\Roaming\Python\Python310\site-packages\selenium\webdriver\common\windows\selenium-manager.exe --browser chrome --output json</msg>
<status status="PASS" starttime="20230430 09:23:06.215" endtime="20230430 09:23:10.647"/>
</kw>
<status status="PASS" starttime="20230430 09:23:06.215" endtime="20230430 09:23:10.648"/>
</kw>
<kw name="Login To SwagLabs Without Username" library="loginPageKeywords">
<arg>secret_sauce</arg>
<doc>Login to SwagLabs without username</doc>
<kw name="Input Text" library="SeleniumLibrary">
<arg>${password}</arg>
<arg>${pass}</arg>
<doc>Types the given ``text`` into the text field identified by ``locator``.</doc>
<msg timestamp="20230430 09:23:10.655" level="INFO">Typing text 'secret_sauce' into text field 'xpath=//*[@id="password"]'.</msg>
<status status="PASS" starttime="20230430 09:23:10.653" endtime="20230430 09:23:10.783"/>
</kw>
<kw name="Click Element" library="SeleniumLibrary">
<arg>${submit}</arg>
<doc>Click the element identified by ``locator``.</doc>
<msg timestamp="20230430 09:23:10.784" level="INFO">Clicking element 'xpath=//*[@id="login-button"]'.</msg>
<status status="PASS" starttime="20230430 09:23:10.783" endtime="20230430 09:23:10.875"/>
</kw>
<status status="PASS" starttime="20230430 09:23:10.651" endtime="20230430 09:23:10.875"/>
</kw>
<kw name="Error Message For Blank Username" library="loginPageKeywords">
<doc>Verify Error Message For Blank Username</doc>
<kw name="Get Text" library="SeleniumLibrary">
<var>${error_msg1}</var>
<arg>${blank_field_error}</arg>
<doc>Returns the text value of the element identified by ``locator``.</doc>
<msg timestamp="20230430 09:23:10.908" level="INFO">${error_msg1} = Epic sadface: Username is required</msg>
<status status="PASS" starttime="20230430 09:23:10.877" endtime="20230430 09:23:10.908"/>
</kw>
<kw name="Should Be Equal" library="BuiltIn">
<arg>${error_msg1}</arg>
<arg>Epic sadface: Username is required</arg>
<doc>Fails if the given objects are unequal.</doc>
<status status="PASS" starttime="20230430 09:23:10.908" endtime="20230430 09:23:10.909"/>
</kw>
<status status="PASS" starttime="20230430 09:23:10.877" endtime="20230430 09:23:10.909"/>
</kw>
<kw name="Close Browser" library="SeleniumLibrary" type="TEARDOWN">
<doc>Closes the current browser.</doc>
<status status="PASS" starttime="20230430 09:23:10.910" endtime="20230430 09:23:13.058"/>
</kw>
<doc>Test login with blank password</doc>
<status status="PASS" starttime="20230430 09:23:06.215" endtime="20230430 09:23:13.058"/>
</test>
<doc>Login To Website</doc>
<status status="PASS" starttime="20230430 09:22:38.067" endtime="20230430 09:23:13.058"/>
</suite>
<statistics>
<total>
<stat pass="5" fail="0" skip="0">All Tests</stat>
</total>
<tag>
</tag>
<suite>
<stat pass="5" fail="0" skip="0" id="s1" name="loginPageTest">loginPageTest</stat>
</suite>
</statistics>
<errors>
</errors>
</robot>
