<?xml version="1.0" encoding="UTF-8"?>
<robot generator="Robot 6.0.2 (Python 3.10.11 on win32)" generated="20230430 09:45:35.886" rpa="false" schemaversion="3">
<suite id="s1" name="loginPageTest" source="C:\Users\Administrator\PycharmProjects\sauceDemoProject\suits\login\loginPageTest.robot">
<test id="s1-t1" name="Verify That User Will Be Able To Login With Valid Username And Valid Password" line="8">
<kw name="Open SauceDemo Website" library="loginPageKeywords" type="SETUP">
<kw name="Open Browser" library="SeleniumLibrary">
<arg>https://www.saucedemo.com/</arg>
<arg>Chrome</arg>
<doc>Opens a new browser instance to the optional ``url``.</doc>
<msg timestamp="20230430 09:45:36.261" level="INFO">Opening browser 'Chrome' to base url 'https://www.saucedemo.com/'.</msg>
<msg timestamp="20230430 09:45:36.261" level="INFO">Executing: C:\Users\Administrator\AppData\Roaming\Python\Python310\site-packages\selenium\webdriver\common\windows\selenium-manager.exe --browser chrome --output json</msg>
<status status="PASS" starttime="20230430 09:45:36.261" endtime="20230430 09:45:40.828"/>
</kw>
<status status="PASS" starttime="20230430 09:45:36.261" endtime="20230430 09:45:40.828"/>
</kw>
<kw name="Login To SwagLabs" library="loginPageKeywords">
<arg>standard_user</arg>
<arg>secret_sauce</arg>
<doc>Login to SwagLabs</doc>
<kw name="Input Text" library="SeleniumLibrary">
<arg>${username}</arg>
<arg>${user}</arg>
<doc>Types the given ``text`` into the text field identified by ``locator``.</doc>
<msg timestamp="20230430 09:45:40.832" level="INFO">Typing text 'standard_user' into text field 'xpath=//*[@id="user-name"]'.</msg>
<status status="PASS" starttime="20230430 09:45:40.831" endtime="20230430 09:45:40.966"/>
</kw>
<kw name="Input Text" library="SeleniumLibrary">
<arg>${password}</arg>
<arg>${pass}</arg>
<doc>Types the given ``text`` into the text field identified by ``locator``.</doc>
<msg timestamp="20230430 09:45:40.968" level="INFO">Typing text 'secret_sauce' into text field 'xpath=//*[@id="password"]'.</msg>
<status status="PASS" starttime="20230430 09:45:40.967" endtime="20230430 09:45:41.094"/>
</kw>
<kw name="Click Element" library="SeleniumLibrary">
<arg>${submit}</arg>
<doc>Click the element identified by ``locator``.</doc>
<msg timestamp="20230430 09:45:41.095" level="INFO">Clicking element 'xpath=//*[@id="login-button"]'.</msg>
<status status="PASS" starttime="20230430 09:45:41.095" endtime="20230430 09:45:41.221"/>
</kw>
<status status="PASS" starttime="20230430 09:45:40.830" endtime="20230430 09:45:41.221"/>
</kw>
<kw name="Verify User Is Successfully Login" library="loginPageKeywords">
<doc>Verify user is logged-in successfylly</doc>
<kw name="Get Text" library="SeleniumLibrary">
<var>${product}</var>
<arg>${products_label}</arg>
<doc>Returns the text value of the element identified by ``locator``.</doc>
<msg timestamp="20230430 09:45:41.261" level="INFO">${product} = Products</msg>
<status status="PASS" starttime="20230430 09:45:41.223" endtime="20230430 09:45:41.261"/>
</kw>
<kw name="Should Be Equal" library="BuiltIn">
<arg>${product}</arg>
<arg>Products</arg>
<doc>Fails if the given objects are unequal.</doc>
<status status="PASS" starttime="20230430 09:45:41.261" endtime="20230430 09:45:41.262"/>
</kw>
<status status="PASS" starttime="20230430 09:45:41.222" endtime="20230430 09:45:41.262"/>
</kw>
<kw name="Close Browser" library="SeleniumLibrary" type="TEARDOWN">
<doc>Closes the current browser.</doc>
<status status="PASS" starttime="20230430 09:45:41.263" endtime="20230430 09:45:43.424"/>
</kw>
<doc>Test login with valid credentials</doc>
<status status="PASS" starttime="20230430 09:45:36.261" endtime="20230430 09:45:43.424"/>
</test>
<test id="s1-t2" name="Verify That User Is Not Able To Login With Valid Username And An Invalid Password" line="13">
<kw name="Open SauceDemo Website" library="loginPageKeywords" type="SETUP">
<kw name="Open Browser" library="SeleniumLibrary">
<arg>https://www.saucedemo.com/</arg>
<arg>Chrome</arg>
<doc>Opens a new browser instance to the optional ``url``.</doc>
<msg timestamp="20230430 09:45:43.424" level="INFO">Opening browser 'Chrome' to base url 'https://www.saucedemo.com/'.</msg>
<msg timestamp="20230430 09:45:43.439" level="INFO">Executing: C:\Users\Administrator\AppData\Roaming\Python\Python310\site-packages\selenium\webdriver\common\windows\selenium-manager.exe --browser chrome --output json</msg>
<status status="PASS" starttime="20230430 09:45:43.424" endtime="20230430 09:45:47.950"/>
</kw>
<status status="PASS" starttime="20230430 09:45:43.424" endtime="20230430 09:45:47.950"/>
</kw>
<kw name="Login To SwagLabs" library="loginPageKeywords">
<arg>standard_user</arg>
<arg>123</arg>
<doc>Login to SwagLabs</doc>
<kw name="Input Text" library="SeleniumLibrary">
<arg>${username}</arg>
<arg>${user}</arg>
<doc>Types the given ``text`` into the text field identified by ``locator``.</doc>
<msg timestamp="20230430 09:45:47.956" level="INFO">Typing text 'standard_user' into text field 'xpath=//*[@id="user-name"]'.</msg>
<status status="PASS" starttime="20230430 09:45:47.955" endtime="20230430 09:45:48.090"/>
</kw>
<kw name="Input Text" library="SeleniumLibrary">
<arg>${password}</arg>
<arg>${pass}</arg>
<doc>Types the given ``text`` into the text field identified by ``locator``.</doc>
<msg timestamp="20230430 09:45:48.091" level="INFO">Typing text '123' into text field 'xpath=//*[@id="password"]'.</msg>
<status status="PASS" starttime="20230430 09:45:48.091" endtime="20230430 09:45:48.198"/>
</kw>
<kw name="Click Element" library="SeleniumLibrary">
<arg>${submit}</arg>
<doc>Click the element identified by ``locator``.</doc>
<msg timestamp="20230430 09:45:48.200" level="INFO">Clicking element 'xpath=//*[@id="login-button"]'.</msg>
<status status="PASS" starttime="20230430 09:45:48.199" endtime="20230430 09:45:48.279"/>
</kw>
<status status="PASS" starttime="20230430 09:45:47.953" endtime="20230430 09:45:48.279"/>
</kw>
<kw name="Error Message For Invalid Creds" library="loginPageKeywords">
<doc>Verify Error Message For Invalid Creds</doc>
<kw name="Get Text" library="SeleniumLibrary">
<var>${error_msg}</var>
<arg>${invalid_creds_erro}</arg>
<doc>Returns the text value of the element identified by ``locator``.</doc>
<msg timestamp="20230430 09:45:48.319" level="INFO">${error_msg} = Epic sadface: Username and password do not match any user in this service</msg>
<status status="PASS" starttime="20230430 09:45:48.281" endtime="20230430 09:45:48.319"/>
</kw>
<kw name="Should Be Equal" library="BuiltIn">
<arg>${error_msg}</arg>
<arg>Epic sadface: Username and password do not match any user in this service</arg>
<doc>Fails if the given objects are unequal.</doc>
<status status="PASS" starttime="20230430 09:45:48.319" endtime="20230430 09:45:48.320"/>
</kw>
<status status="PASS" starttime="20230430 09:45:48.281" endtime="20230430 09:45:48.320"/>
</kw>
<kw name="Close Browser" library="SeleniumLibrary" type="TEARDOWN">
<doc>Closes the current browser.</doc>
<status status="PASS" starttime="20230430 09:45:48.321" endtime="20230430 09:45:50.486"/>
</kw>
<doc>Test login with invalid password</doc>
<status status="PASS" starttime="20230430 09:45:43.424" endtime="20230430 09:45:50.486"/>
</test>
<test id="s1-t3" name="Verify That User Is Not Able To Login With Inalid Username And An Valid Password" line="18">
<kw name="Open SauceDemo Website" library="loginPageKeywords" type="SETUP">
<kw name="Open Browser" library="SeleniumLibrary">
<arg>https://www.saucedemo.com/</arg>
<arg>Chrome</arg>
<doc>Opens a new browser instance to the optional ``url``.</doc>
<msg timestamp="20230430 09:45:50.486" level="INFO">Opening browser 'Chrome' to base url 'https://www.saucedemo.com/'.</msg>
<msg timestamp="20230430 09:45:50.502" level="INFO">Executing: C:\Users\Administrator\AppData\Roaming\Python\Python310\site-packages\selenium\webdriver\common\windows\selenium-manager.exe --browser chrome --output json</msg>
<status status="PASS" starttime="20230430 09:45:50.486" endtime="20230430 09:45:54.964"/>
</kw>
<status status="PASS" starttime="20230430 09:45:50.486" endtime="20230430 09:45:54.965"/>
</kw>
<kw name="Login To SwagLabs" library="loginPageKeywords">
<arg>user1</arg>
<arg>secret_sauce</arg>
<doc>Login to SwagLabs</doc>
<kw name="Input Text" library="SeleniumLibrary">
<arg>${username}</arg>
<arg>${user}</arg>
<doc>Types the given ``text`` into the text field identified by ``locator``.</doc>
<msg timestamp="20230430 09:45:54.970" level="INFO">Typing text 'user1' into text field 'xpath=//*[@id="user-name"]'.</msg>
<status status="PASS" starttime="20230430 09:45:54.969" endtime="20230430 09:45:55.100"/>
</kw>
<kw name="Input Text" library="SeleniumLibrary">
<arg>${password}</arg>
<arg>${pass}</arg>
<doc>Types the given ``text`` into the text field identified by ``locator``.</doc>
<msg timestamp="20230430 09:45:55.101" level="INFO">Typing text 'secret_sauce' into text field 'xpath=//*[@id="password"]'.</msg>
<status status="PASS" starttime="20230430 09:45:55.100" endtime="20230430 09:45:55.231"/>
</kw>
<kw name="Click Element" library="SeleniumLibrary">
<arg>${submit}</arg>
<doc>Click the element identified by ``locator``.</doc>
<msg timestamp="20230430 09:45:55.232" level="INFO">Clicking element 'xpath=//*[@id="login-button"]'.</msg>
<status status="PASS" starttime="20230430 09:45:55.231" endtime="20230430 09:45:55.303"/>
</kw>
<status status="PASS" starttime="20230430 09:45:54.968" endtime="20230430 09:45:55.303"/>
</kw>
<kw name="Error Message For Invalid Creds" library="loginPageKeywords">
<doc>Verify Error Message For Invalid Creds</doc>
<kw name="Get Text" library="SeleniumLibrary">
<var>${error_msg}</var>
<arg>${invalid_creds_erro}</arg>
<doc>Returns the text value of the element identified by ``locator``.</doc>
<msg timestamp="20230430 09:45:55.339" level="INFO">${error_msg} = Epic sadface: Username and password do not match any user in this service</msg>
<status status="PASS" starttime="20230430 09:45:55.306" endtime="20230430 09:45:55.340"/>
</kw>
<kw name="Should Be Equal" library="BuiltIn">
<arg>${error_msg}</arg>
<arg>Epic sadface: Username and password do not match any user in this service</arg>
<doc>Fails if the given objects are unequal.</doc>
<status status="PASS" starttime="20230430 09:45:55.340" endtime="20230430 09:45:55.340"/>
</kw>
<status status="PASS" starttime="20230430 09:45:55.306" endtime="20230430 09:45:55.340"/>
</kw>
<kw name="Close Browser" library="SeleniumLibrary" type="TEARDOWN">
<doc>Closes the current browser.</doc>
<status status="PASS" starttime="20230430 09:45:55.342" endtime="20230430 09:45:57.509"/>
</kw>
<doc>Test login with invalid username</doc>
<status status="PASS" starttime="20230430 09:45:50.486" endtime="20230430 09:45:57.509"/>
</test>
<test id="s1-t4" name="Verify That User Is Not Able To Login When The Password Is Blank And Submit Button Is Clicked" line="23">
<kw name="Open SauceDemo Website" library="loginPageKeywords" type="SETUP">
<kw name="Open Browser" library="SeleniumLibrary">
<arg>https://www.saucedemo.com/</arg>
<arg>Chrome</arg>
<doc>Opens a new browser instance to the optional ``url``.</doc>
<msg timestamp="20230430 09:45:57.509" level="INFO">Opening browser 'Chrome' to base url 'https://www.saucedemo.com/'.</msg>
<msg timestamp="20230430 09:45:57.524" level="INFO">Executing: C:\Users\Administrator\AppData\Roaming\Python\Python310\site-packages\selenium\webdriver\common\windows\selenium-manager.exe --browser chrome --output json</msg>
<status status="PASS" starttime="20230430 09:45:57.509" endtime="20230430 09:46:01.921"/>
</kw>
<status status="PASS" starttime="20230430 09:45:57.509" endtime="20230430 09:46:01.921"/>
</kw>
<kw name="Login To SwagLabs Without Password" library="loginPageKeywords">
<arg>standard_user</arg>
<doc>Login to SwagLabs without password</doc>
<kw name="Input Text" library="SeleniumLibrary">
<arg>${username}</arg>
<arg>${user}</arg>
<doc>Types the given ``text`` into the text field identified by ``locator``.</doc>
<msg timestamp="20230430 09:46:01.925" level="INFO">Typing text 'standard_user' into text field 'xpath=//*[@id="user-name"]'.</msg>
<status status="PASS" starttime="20230430 09:46:01.924" endtime="20230430 09:46:02.050"/>
</kw>
<kw name="Click Element" library="SeleniumLibrary">
<arg>${submit}</arg>
<doc>Click the element identified by ``locator``.</doc>
<msg timestamp="20230430 09:46:02.051" level="INFO">Clicking element 'xpath=//*[@id="login-button"]'.</msg>
<status status="PASS" starttime="20230430 09:46:02.050" endtime="20230430 09:46:02.143"/>
</kw>
<status status="PASS" starttime="20230430 09:46:01.923" endtime="20230430 09:46:02.143"/>
</kw>
<kw name="Error Message For Blank Password" library="loginPageKeywords">
<doc>Verify Error Message For Blank Password</doc>
<kw name="Get Text" library="SeleniumLibrary">
<var>${error_msg}</var>
<arg>${blank_field_error}</arg>
<doc>Returns the text value of the element identified by ``locator``.</doc>
<msg timestamp="20230430 09:46:02.175" level="INFO">${error_msg} = Epic sadface: Password is required</msg>
<status status="PASS" starttime="20230430 09:46:02.146" endtime="20230430 09:46:02.175"/>
</kw>
<kw name="Should Be Equal" library="BuiltIn">
<arg>${error_msg}</arg>
<arg>Epic sadface: Password is required</arg>
<doc>Fails if the given objects are unequal.</doc>
<status status="PASS" starttime="20230430 09:46:02.175" endtime="20230430 09:46:02.175"/>
</kw>
<status status="PASS" starttime="20230430 09:46:02.145" endtime="20230430 09:46:02.175"/>
</kw>
<kw name="Close Browser" library="SeleniumLibrary" type="TEARDOWN">
<doc>Closes the current browser.</doc>
<status status="PASS" starttime="20230430 09:46:02.175" endtime="20230430 09:46:04.347"/>
</kw>
<doc>Test login with blank password</doc>
<status status="PASS" starttime="20230430 09:45:57.509" endtime="20230430 09:46:04.347"/>
</test>
<test id="s1-t5" name="Verify That User Is Not Able To Login When The Username Is Blank And Submit Button Is Clicked" line="28">
<kw name="Open SauceDemo Website" library="loginPageKeywords" type="SETUP">
<kw name="Open Browser" library="SeleniumLibrary">
<arg>https://www.saucedemo.com/</arg>
<arg>Chrome</arg>
<doc>Opens a new browser instance to the optional ``url``.</doc>
<msg timestamp="20230430 09:46:04.347" level="INFO">Opening browser 'Chrome' to base url 'https://www.saucedemo.com/'.</msg>
<msg timestamp="20230430 09:46:04.363" level="INFO">Executing: C:\Users\Administrator\AppData\Roaming\Python\Python310\site-packages\selenium\webdriver\common\windows\selenium-manager.exe --browser chrome --output json</msg>
<status status="PASS" starttime="20230430 09:46:04.347" endtime="20230430 09:46:08.825"/>
</kw>
<status status="PASS" starttime="20230430 09:46:04.347" endtime="20230430 09:46:08.825"/>
</kw>
<kw name="Login To SwagLabs Without Username" library="loginPageKeywords">
<arg>secret_sauce</arg>
<doc>Login to SwagLabs without username</doc>
<kw name="Input Text" library="SeleniumLibrary">
<arg>${password}</arg>
<arg>${pass}</arg>
<doc>Types the given ``text`` into the text field identified by ``locator``.</doc>
<msg timestamp="20230430 09:46:08.830" level="INFO">Typing text 'secret_sauce' into text field 'xpath=//*[@id="password"]'.</msg>
<status status="PASS" starttime="20230430 09:46:08.829" endtime="20230430 09:46:08.970"/>
</kw>
<kw name="Click Element" library="SeleniumLibrary">
<arg>${submit}</arg>
<doc>Click the element identified by ``locator``.</doc>
<msg timestamp="20230430 09:46:08.971" level="INFO">Clicking element 'xpath=//*[@id="login-button"]'.</msg>
<status status="PASS" starttime="20230430 09:46:08.971" endtime="20230430 09:46:09.047"/>
</kw>
<status status="PASS" starttime="20230430 09:46:08.829" endtime="20230430 09:46:09.048"/>
</kw>
<kw name="Error Message For Blank Username" library="loginPageKeywords">
<doc>Verify Error Message For Blank Username</doc>
<kw name="Get Text" library="SeleniumLibrary">
<var>${error_msg1}</var>
<arg>${blank_field_error}</arg>
<doc>Returns the text value of the element identified by ``locator``.</doc>
<msg timestamp="20230430 09:46:09.084" level="INFO">${error_msg1} = Epic sadface: Username is required</msg>
<status status="PASS" starttime="20230430 09:46:09.050" endtime="20230430 09:46:09.084"/>
</kw>
<kw name="Should Be Equal" library="BuiltIn">
<arg>${error_msg1}</arg>
<arg>Epic sadface: Username is required</arg>
<doc>Fails if the given objects are unequal.</doc>
<status status="PASS" starttime="20230430 09:46:09.084" endtime="20230430 09:46:09.085"/>
</kw>
<status status="PASS" starttime="20230430 09:46:09.049" endtime="20230430 09:46:09.085"/>
</kw>
<kw name="Close Browser" library="SeleniumLibrary" type="TEARDOWN">
<doc>Closes the current browser.</doc>
<status status="PASS" starttime="20230430 09:46:09.086" endtime="20230430 09:46:11.246"/>
</kw>
<doc>Test login with blank password</doc>
<status status="PASS" starttime="20230430 09:46:04.347" endtime="20230430 09:46:11.246"/>
</test>
<doc>Login To Website</doc>
<status status="PASS" starttime="20230430 09:45:35.886" endtime="20230430 09:46:11.246"/>
</suite>
<statistics>
<total>
<stat pass="5" fail="0" skip="0">All Tests</stat>
</total>
<tag>
</tag>
<suite>
<stat pass="5" fail="0" skip="0" id="s1" name="loginPageTest">loginPageTest</stat>
</suite>
</statistics>
<errors>
</errors>
</robot>
