<?xml version="1.0" encoding="UTF-8"?>
<robot generator="Robot 6.0.2 (Python 3.10.11 on win32)" generated="20230430 09:46:21.988" rpa="false" schemaversion="3">
<suite id="s1" name="cartPageTest" source="C:\Users\Administrator\PycharmProjects\sauceDemoProject\suits\cart\cartPageTest.robot">
<test id="s1-t1" name="Verify That User Will Be Able To Add Product In A Cart" line="8">
<kw name="Open SauceDemo Website" library="loginPageKeywords" type="SETUP">
<kw name="Open Browser" library="SeleniumLibrary">
<arg>https://www.saucedemo.com/</arg>
<arg>Chrome</arg>
<doc>Opens a new browser instance to the optional ``url``.</doc>
<msg timestamp="20230430 09:46:22.285" level="INFO">Opening browser 'Chrome' to base url 'https://www.saucedemo.com/'.</msg>
<msg timestamp="20230430 09:46:22.301" level="INFO">Executing: C:\Users\Administrator\AppData\Roaming\Python\Python310\site-packages\selenium\webdriver\common\windows\selenium-manager.exe --browser chrome --output json</msg>
<status status="PASS" starttime="20230430 09:46:22.285" endtime="20230430 09:46:26.860"/>
</kw>
<status status="PASS" starttime="20230430 09:46:22.285" endtime="20230430 09:46:26.860"/>
</kw>
<kw name="Login To SwagLabs" library="loginPageKeywords">
<arg>standard_user</arg>
<arg>secret_sauce</arg>
<doc>Login to SwagLabs</doc>
<kw name="Input Text" library="SeleniumLibrary">
<arg>${username}</arg>
<arg>${user}</arg>
<doc>Types the given ``text`` into the text field identified by ``locator``.</doc>
<msg timestamp="20230430 09:46:26.865" level="INFO">Typing text 'standard_user' into text field 'xpath=//*[@id="user-name"]'.</msg>
<status status="PASS" starttime="20230430 09:46:26.864" endtime="20230430 09:46:27.003"/>
</kw>
<kw name="Input Text" library="SeleniumLibrary">
<arg>${password}</arg>
<arg>${pass}</arg>
<doc>Types the given ``text`` into the text field identified by ``locator``.</doc>
<msg timestamp="20230430 09:46:27.004" level="INFO">Typing text 'secret_sauce' into text field 'xpath=//*[@id="password"]'.</msg>
<status status="PASS" starttime="20230430 09:46:27.003" endtime="20230430 09:46:27.124"/>
</kw>
<kw name="Click Element" library="SeleniumLibrary">
<arg>${submit}</arg>
<doc>Click the element identified by ``locator``.</doc>
<msg timestamp="20230430 09:46:27.125" level="INFO">Clicking element 'xpath=//*[@id="login-button"]'.</msg>
<status status="PASS" starttime="20230430 09:46:27.124" endtime="20230430 09:46:27.288"/>
</kw>
<status status="PASS" starttime="20230430 09:46:26.864" endtime="20230430 09:46:27.288"/>
</kw>
<kw name="Add Product In A Cart" library="cartPageKeywords">
<doc>Add Bagpack Product In A Cart</doc>
<kw name="Click Element" library="SeleniumLibrary">
<arg>${sauce_backpack}</arg>
<doc>Click the element identified by ``locator``.</doc>
<msg timestamp="20230430 09:46:27.290" level="INFO">Clicking element 'xpath=//*[@id="add-to-cart-sauce-labs-backpack"]'.</msg>
<status status="PASS" starttime="20230430 09:46:27.289" endtime="20230430 09:46:27.354"/>
</kw>
<kw name="Click Element" library="SeleniumLibrary">
<arg>${cart_logo}</arg>
<doc>Click the element identified by ``locator``.</doc>
<msg timestamp="20230430 09:46:27.355" level="INFO">Clicking element 'xpath=//*[@id="shopping_cart_container"]/a'.</msg>
<status status="PASS" starttime="20230430 09:46:27.354" endtime="20230430 09:46:27.440"/>
</kw>
<kw name="Get Text" library="SeleniumLibrary">
<var>${product_name}</var>
<arg>${bagpack_label}</arg>
<doc>Returns the text value of the element identified by ``locator``.</doc>
<msg timestamp="20230430 09:46:27.476" level="INFO">${product_name} = Sauce Labs Backpack</msg>
<status status="PASS" starttime="20230430 09:46:27.441" endtime="20230430 09:46:27.476"/>
</kw>
<kw name="Should Be Equal" library="BuiltIn">
<arg>${product_name}</arg>
<arg>Sauce Labs Backpack</arg>
<doc>Fails if the given objects are unequal.</doc>
<status status="PASS" starttime="20230430 09:46:27.476" endtime="20230430 09:46:27.477"/>
</kw>
<status status="PASS" starttime="20230430 09:46:27.289" endtime="20230430 09:46:27.478"/>
</kw>
<kw name="Close Browser" library="SeleniumLibrary" type="TEARDOWN">
<doc>Closes the current browser.</doc>
<status status="PASS" starttime="20230430 09:46:27.480" endtime="20230430 09:46:29.665"/>
</kw>
<doc>Add Product In A Cart</doc>
<status status="PASS" starttime="20230430 09:46:22.285" endtime="20230430 09:46:29.665"/>
</test>
<test id="s1-t2" name="Verify That User Will Be Able To Remove Product From A Cart" line="13">
<kw name="Open SauceDemo Website" library="loginPageKeywords" type="SETUP">
<kw name="Open Browser" library="SeleniumLibrary">
<arg>https://www.saucedemo.com/</arg>
<arg>Chrome</arg>
<doc>Opens a new browser instance to the optional ``url``.</doc>
<msg timestamp="20230430 09:46:29.665" level="INFO">Opening browser 'Chrome' to base url 'https://www.saucedemo.com/'.</msg>
<msg timestamp="20230430 09:46:29.681" level="INFO">Executing: C:\Users\Administrator\AppData\Roaming\Python\Python310\site-packages\selenium\webdriver\common\windows\selenium-manager.exe --browser chrome --output json</msg>
<status status="PASS" starttime="20230430 09:46:29.665" endtime="20230430 09:46:34.163"/>
</kw>
<status status="PASS" starttime="20230430 09:46:29.665" endtime="20230430 09:46:34.163"/>
</kw>
<kw name="Login To SwagLabs" library="loginPageKeywords">
<arg>standard_user</arg>
<arg>secret_sauce</arg>
<doc>Login to SwagLabs</doc>
<kw name="Input Text" library="SeleniumLibrary">
<arg>${username}</arg>
<arg>${user}</arg>
<doc>Types the given ``text`` into the text field identified by ``locator``.</doc>
<msg timestamp="20230430 09:46:34.170" level="INFO">Typing text 'standard_user' into text field 'xpath=//*[@id="user-name"]'.</msg>
<status status="PASS" starttime="20230430 09:46:34.169" endtime="20230430 09:46:34.301"/>
</kw>
<kw name="Input Text" library="SeleniumLibrary">
<arg>${password}</arg>
<arg>${pass}</arg>
<doc>Types the given ``text`` into the text field identified by ``locator``.</doc>
<msg timestamp="20230430 09:46:34.302" level="INFO">Typing text 'secret_sauce' into text field 'xpath=//*[@id="password"]'.</msg>
<status status="PASS" starttime="20230430 09:46:34.301" endtime="20230430 09:46:34.436"/>
</kw>
<kw name="Click Element" library="SeleniumLibrary">
<arg>${submit}</arg>
<doc>Click the element identified by ``locator``.</doc>
<msg timestamp="20230430 09:46:34.437" level="INFO">Clicking element 'xpath=//*[@id="login-button"]'.</msg>
<status status="PASS" starttime="20230430 09:46:34.436" endtime="20230430 09:46:34.592"/>
</kw>
<status status="PASS" starttime="20230430 09:46:34.168" endtime="20230430 09:46:34.592"/>
</kw>
<kw name="Add Product In A Cart" library="cartPageKeywords">
<doc>Add Bagpack Product In A Cart</doc>
<kw name="Click Element" library="SeleniumLibrary">
<arg>${sauce_backpack}</arg>
<doc>Click the element identified by ``locator``.</doc>
<msg timestamp="20230430 09:46:34.595" level="INFO">Clicking element 'xpath=//*[@id="add-to-cart-sauce-labs-backpack"]'.</msg>
<status status="PASS" starttime="20230430 09:46:34.594" endtime="20230430 09:46:34.656"/>
</kw>
<kw name="Click Element" library="SeleniumLibrary">
<arg>${cart_logo}</arg>
<doc>Click the element identified by ``locator``.</doc>
<msg timestamp="20230430 09:46:34.659" level="INFO">Clicking element 'xpath=//*[@id="shopping_cart_container"]/a'.</msg>
<status status="PASS" starttime="20230430 09:46:34.657" endtime="20230430 09:46:34.730"/>
</kw>
<kw name="Get Text" library="SeleniumLibrary">
<var>${product_name}</var>
<arg>${bagpack_label}</arg>
<doc>Returns the text value of the element identified by ``locator``.</doc>
<msg timestamp="20230430 09:46:34.761" level="INFO">${product_name} = Sauce Labs Backpack</msg>
<status status="PASS" starttime="20230430 09:46:34.730" endtime="20230430 09:46:34.761"/>
</kw>
<kw name="Should Be Equal" library="BuiltIn">
<arg>${product_name}</arg>
<arg>Sauce Labs Backpack</arg>
<doc>Fails if the given objects are unequal.</doc>
<status status="PASS" starttime="20230430 09:46:34.762" endtime="20230430 09:46:34.762"/>
</kw>
<status status="PASS" starttime="20230430 09:46:34.594" endtime="20230430 09:46:34.762"/>
</kw>
<kw name="Remove Product From Cart" library="cartPageKeywords">
<doc>Remove Bagpack Product From A Cart</doc>
<kw name="Click Element" library="SeleniumLibrary">
<arg>${remove_backpack}</arg>
<doc>Click the element identified by ``locator``.</doc>
<msg timestamp="20230430 09:46:34.766" level="INFO">Clicking element 'xpath=//*[@id="remove-sauce-labs-backpack"]'.</msg>
<status status="PASS" starttime="20230430 09:46:34.765" endtime="20230430 09:46:34.833"/>
</kw>
<kw name="Element Should Not Be Visible" library="SeleniumLibrary">
<arg>${bagpack_label}</arg>
<doc>Verifies that the element identified by ``locator`` is NOT visible.</doc>
<msg timestamp="20230430 09:46:34.847" level="INFO">Element 'xpath=//*[@id="item_4_title_link"]/div' did not exist.</msg>
<status status="PASS" starttime="20230430 09:46:34.833" endtime="20230430 09:46:34.847"/>
</kw>
<status status="PASS" starttime="20230430 09:46:34.764" endtime="20230430 09:46:34.847"/>
</kw>
<kw name="Close Browser" library="SeleniumLibrary" type="TEARDOWN">
<doc>Closes the current browser.</doc>
<status status="PASS" starttime="20230430 09:46:34.848" endtime="20230430 09:46:37.018"/>
</kw>
<doc>Remove Product From A Cart</doc>
<status status="PASS" starttime="20230430 09:46:29.665" endtime="20230430 09:46:37.018"/>
</test>
<test id="s1-t3" name="Verify That User Will Be Redirected Back To Products Page" line="19">
<kw name="Open SauceDemo Website" library="loginPageKeywords" type="SETUP">
<kw name="Open Browser" library="SeleniumLibrary">
<arg>https://www.saucedemo.com/</arg>
<arg>Chrome</arg>
<doc>Opens a new browser instance to the optional ``url``.</doc>
<msg timestamp="20230430 09:46:37.018" level="INFO">Opening browser 'Chrome' to base url 'https://www.saucedemo.com/'.</msg>
<msg timestamp="20230430 09:46:37.034" level="INFO">Executing: C:\Users\Administrator\AppData\Roaming\Python\Python310\site-packages\selenium\webdriver\common\windows\selenium-manager.exe --browser chrome --output json</msg>
<status status="PASS" starttime="20230430 09:46:37.018" endtime="20230430 09:46:41.415"/>
</kw>
<status status="PASS" starttime="20230430 09:46:37.018" endtime="20230430 09:46:41.416"/>
</kw>
<kw name="Login To SwagLabs" library="loginPageKeywords">
<arg>standard_user</arg>
<arg>secret_sauce</arg>
<doc>Login to SwagLabs</doc>
<kw name="Input Text" library="SeleniumLibrary">
<arg>${username}</arg>
<arg>${user}</arg>
<doc>Types the given ``text`` into the text field identified by ``locator``.</doc>
<msg timestamp="20230430 09:46:41.422" level="INFO">Typing text 'standard_user' into text field 'xpath=//*[@id="user-name"]'.</msg>
<status status="PASS" starttime="20230430 09:46:41.421" endtime="20230430 09:46:41.555"/>
</kw>
<kw name="Input Text" library="SeleniumLibrary">
<arg>${password}</arg>
<arg>${pass}</arg>
<doc>Types the given ``text`` into the text field identified by ``locator``.</doc>
<msg timestamp="20230430 09:46:41.556" level="INFO">Typing text 'secret_sauce' into text field 'xpath=//*[@id="password"]'.</msg>
<status status="PASS" starttime="20230430 09:46:41.555" endtime="20230430 09:46:41.670"/>
</kw>
<kw name="Click Element" library="SeleniumLibrary">
<arg>${submit}</arg>
<doc>Click the element identified by ``locator``.</doc>
<msg timestamp="20230430 09:46:41.672" level="INFO">Clicking element 'xpath=//*[@id="login-button"]'.</msg>
<status status="PASS" starttime="20230430 09:46:41.670" endtime="20230430 09:46:41.824"/>
</kw>
<status status="PASS" starttime="20230430 09:46:41.420" endtime="20230430 09:46:41.824"/>
</kw>
<kw name="Add Product In A Cart" library="cartPageKeywords">
<doc>Add Bagpack Product In A Cart</doc>
<kw name="Click Element" library="SeleniumLibrary">
<arg>${sauce_backpack}</arg>
<doc>Click the element identified by ``locator``.</doc>
<msg timestamp="20230430 09:46:41.826" level="INFO">Clicking element 'xpath=//*[@id="add-to-cart-sauce-labs-backpack"]'.</msg>
<status status="PASS" starttime="20230430 09:46:41.825" endtime="20230430 09:46:41.883"/>
</kw>
<kw name="Click Element" library="SeleniumLibrary">
<arg>${cart_logo}</arg>
<doc>Click the element identified by ``locator``.</doc>
<msg timestamp="20230430 09:46:41.884" level="INFO">Clicking element 'xpath=//*[@id="shopping_cart_container"]/a'.</msg>
<status status="PASS" starttime="20230430 09:46:41.883" endtime="20230430 09:46:41.957"/>
</kw>
<kw name="Get Text" library="SeleniumLibrary">
<var>${product_name}</var>
<arg>${bagpack_label}</arg>
<doc>Returns the text value of the element identified by ``locator``.</doc>
<msg timestamp="20230430 09:46:41.986" level="INFO">${product_name} = Sauce Labs Backpack</msg>
<status status="PASS" starttime="20230430 09:46:41.957" endtime="20230430 09:46:41.986"/>
</kw>
<kw name="Should Be Equal" library="BuiltIn">
<arg>${product_name}</arg>
<arg>Sauce Labs Backpack</arg>
<doc>Fails if the given objects are unequal.</doc>
<status status="PASS" starttime="20230430 09:46:41.986" endtime="20230430 09:46:41.986"/>
</kw>
<status status="PASS" starttime="20230430 09:46:41.825" endtime="20230430 09:46:41.987"/>
</kw>
<kw name="Go Back To Products Page" library="cartPageKeywords">
<doc>Go Back To Products Page From Cart Page</doc>
<kw name="Click Element" library="SeleniumLibrary">
<arg>${continue_shopping}</arg>
<doc>Click the element identified by ``locator``.</doc>
<msg timestamp="20230430 09:46:41.989" level="INFO">Clicking element 'xpath=//*[@id="continue-shopping"]'.</msg>
<status status="PASS" starttime="20230430 09:46:41.988" endtime="20230430 09:46:42.079"/>
</kw>
<kw name="Get Text" library="SeleniumLibrary">
<var>${product}</var>
<arg>${products_label}</arg>
<doc>Returns the text value of the element identified by ``locator``.</doc>
<msg timestamp="20230430 09:46:42.111" level="INFO">${product} = Products</msg>
<status status="PASS" starttime="20230430 09:46:42.079" endtime="20230430 09:46:42.111"/>
</kw>
<kw name="Should Be Equal" library="BuiltIn">
<arg>${product}</arg>
<arg>Products</arg>
<doc>Fails if the given objects are unequal.</doc>
<status status="PASS" starttime="20230430 09:46:42.112" endtime="20230430 09:46:42.112"/>
</kw>
<status status="PASS" starttime="20230430 09:46:41.988" endtime="20230430 09:46:42.112"/>
</kw>
<kw name="Close Browser" library="SeleniumLibrary" type="TEARDOWN">
<doc>Closes the current browser.</doc>
<status status="PASS" starttime="20230430 09:46:42.114" endtime="20230430 09:46:44.276"/>
</kw>
<doc>Redirect to Product Page From A Cart</doc>
<status status="PASS" starttime="20230430 09:46:37.018" endtime="20230430 09:46:44.276"/>
</test>
<test id="s1-t4" name="Verify That User Will Be Redirected To Checkout Page" line="25">
<kw name="Open SauceDemo Website" library="loginPageKeywords" type="SETUP">
<kw name="Open Browser" library="SeleniumLibrary">
<arg>https://www.saucedemo.com/</arg>
<arg>Chrome</arg>
<doc>Opens a new browser instance to the optional ``url``.</doc>
<msg timestamp="20230430 09:46:44.276" level="INFO">Opening browser 'Chrome' to base url 'https://www.saucedemo.com/'.</msg>
<msg timestamp="20230430 09:46:44.291" level="INFO">Executing: C:\Users\Administrator\AppData\Roaming\Python\Python310\site-packages\selenium\webdriver\common\windows\selenium-manager.exe --browser chrome --output json</msg>
<status status="PASS" starttime="20230430 09:46:44.276" endtime="20230430 09:46:48.784"/>
</kw>
<status status="PASS" starttime="20230430 09:46:44.276" endtime="20230430 09:46:48.785"/>
</kw>
<kw name="Login To SwagLabs" library="loginPageKeywords">
<arg>standard_user</arg>
<arg>secret_sauce</arg>
<doc>Login to SwagLabs</doc>
<kw name="Input Text" library="SeleniumLibrary">
<arg>${username}</arg>
<arg>${user}</arg>
<doc>Types the given ``text`` into the text field identified by ``locator``.</doc>
<msg timestamp="20230430 09:46:48.789" level="INFO">Typing text 'standard_user' into text field 'xpath=//*[@id="user-name"]'.</msg>
<status status="PASS" starttime="20230430 09:46:48.788" endtime="20230430 09:46:48.927"/>
</kw>
<kw name="Input Text" library="SeleniumLibrary">
<arg>${password}</arg>
<arg>${pass}</arg>
<doc>Types the given ``text`` into the text field identified by ``locator``.</doc>
<msg timestamp="20230430 09:46:48.928" level="INFO">Typing text 'secret_sauce' into text field 'xpath=//*[@id="password"]'.</msg>
<status status="PASS" starttime="20230430 09:46:48.927" endtime="20230430 09:46:49.060"/>
</kw>
<kw name="Click Element" library="SeleniumLibrary">
<arg>${submit}</arg>
<doc>Click the element identified by ``locator``.</doc>
<msg timestamp="20230430 09:46:49.061" level="INFO">Clicking element 'xpath=//*[@id="login-button"]'.</msg>
<status status="PASS" starttime="20230430 09:46:49.061" endtime="20230430 09:46:49.214"/>
</kw>
<status status="PASS" starttime="20230430 09:46:48.788" endtime="20230430 09:46:49.214"/>
</kw>
<kw name="Add Product In A Cart" library="cartPageKeywords">
<doc>Add Bagpack Product In A Cart</doc>
<kw name="Click Element" library="SeleniumLibrary">
<arg>${sauce_backpack}</arg>
<doc>Click the element identified by ``locator``.</doc>
<msg timestamp="20230430 09:46:49.218" level="INFO">Clicking element 'xpath=//*[@id="add-to-cart-sauce-labs-backpack"]'.</msg>
<status status="PASS" starttime="20230430 09:46:49.217" endtime="20230430 09:46:49.278"/>
</kw>
<kw name="Click Element" library="SeleniumLibrary">
<arg>${cart_logo}</arg>
<doc>Click the element identified by ``locator``.</doc>
<msg timestamp="20230430 09:46:49.279" level="INFO">Clicking element 'xpath=//*[@id="shopping_cart_container"]/a'.</msg>
<status status="PASS" starttime="20230430 09:46:49.278" endtime="20230430 09:46:49.354"/>
</kw>
<kw name="Get Text" library="SeleniumLibrary">
<var>${product_name}</var>
<arg>${bagpack_label}</arg>
<doc>Returns the text value of the element identified by ``locator``.</doc>
<msg timestamp="20230430 09:46:49.393" level="INFO">${product_name} = Sauce Labs Backpack</msg>
<status status="PASS" starttime="20230430 09:46:49.355" endtime="20230430 09:46:49.394"/>
</kw>
<kw name="Should Be Equal" library="BuiltIn">
<arg>${product_name}</arg>
<arg>Sauce Labs Backpack</arg>
<doc>Fails if the given objects are unequal.</doc>
<status status="PASS" starttime="20230430 09:46:49.395" endtime="20230430 09:46:49.395"/>
</kw>
<status status="PASS" starttime="20230430 09:46:49.216" endtime="20230430 09:46:49.396"/>
</kw>
<kw name="Proceed To Checkout Page" library="cartPageKeywords">
<doc>Proceed To Products Page From Cart Page</doc>
<kw name="Click Element" library="SeleniumLibrary">
<arg>${checkout}</arg>
<doc>Click the element identified by ``locator``.</doc>
<msg timestamp="20230430 09:46:49.400" level="INFO">Clicking element 'xpath=//*[@id="checkout"]'.</msg>
<status status="PASS" starttime="20230430 09:46:49.399" endtime="20230430 09:46:49.488"/>
</kw>
<kw name="Get Text" library="SeleniumLibrary">
<var>${checkout_page}</var>
<arg>${checkout_lable}</arg>
<doc>Returns the text value of the element identified by ``locator``.</doc>
<msg timestamp="20230430 09:46:49.519" level="INFO">${checkout_page} = Checkout: Your Information</msg>
<status status="PASS" starttime="20230430 09:46:49.488" endtime="20230430 09:46:49.519"/>
</kw>
<kw name="Should Be Equal" library="BuiltIn">
<arg>${checkout_page}</arg>
<arg>Checkout: Your Information</arg>
<doc>Fails if the given objects are unequal.</doc>
<status status="PASS" starttime="20230430 09:46:49.520" endtime="20230430 09:46:49.521"/>
</kw>
<status status="PASS" starttime="20230430 09:46:49.399" endtime="20230430 09:46:49.521"/>
</kw>
<kw name="Close Browser" library="SeleniumLibrary" type="TEARDOWN">
<doc>Closes the current browser.</doc>
<status status="PASS" starttime="20230430 09:46:49.523" endtime="20230430 09:46:51.691"/>
</kw>
<doc>Redirect to Checkout Page From A Cart</doc>
<status status="PASS" starttime="20230430 09:46:44.276" endtime="20230430 09:46:51.691"/>
</test>
<doc>Cart Page Scenarios</doc>
<status status="PASS" starttime="20230430 09:46:22.004" endtime="20230430 09:46:51.691"/>
</suite>
<statistics>
<total>
<stat pass="4" fail="0" skip="0">All Tests</stat>
</total>
<tag>
</tag>
<suite>
<stat pass="4" fail="0" skip="0" id="s1" name="cartPageTest">cartPageTest</stat>
</suite>
</statistics>
<errors>
</errors>
</robot>
